<?xml version="1.0" encoding="UTF-8"?>
<!-- Generated by org.testng.reporters.JUnitReportReporter -->
<testsuite name="demo.DemoTestng" tests="2" time="13.937" ignored="0" failures="0" timestamp="09 七月 2018 01:23:19 GMT" skipped="0" hostname="L-PC" errors="0">
  <testcase name="InitDriver" time="2.641" classname="demo.DemoTestng"/>
  <testcase name="login_imocc" time="11.296" classname="demo.DemoTestng"/>
</testsuite> <!-- demo.DemoTestng -->
